<?xml version="1.0" encoding="UTF-8"?>
<!-- Generated by org.testng.reporters.JUnitReportReporter -->
<testsuite hostname="LAPTOP-5O1Q3PKG" failures="0" tests="1" name="com.Selenium.TestNG.SeleniumAnnonations" time="0.013" errors="0" timestamp="2022-10-15T13:28:11 IST" skipped="0">
  <testcase classname="com.Selenium.TestNG.SeleniumAnnonations" name="verifyHomePageTitle" time="0.013"/>
  <system-out/>
</testsuite> <!-- com.Selenium.TestNG.SeleniumAnnonations -->
