<?xml version="1.0" encoding="UTF-8"?>
<!-- Generated by org.testng.reporters.JUnitReportReporter -->
<testsuite hostname="LAPTOP-5O1Q3PKG" failures="0" tests="1" name="com.Selenium.TestNG.TestNG_Sample" time="42.326" errors="0" timestamp="2022-10-15T14:17:33 IST" skipped="0">
  <testcase classname="com.Selenium.TestNG.TestNG_Sample" name="googleSearch" time="42.326"/>
  <system-out/>
</testsuite> <!-- com.Selenium.TestNG.TestNG_Sample -->
