<?xml version="1.0" encoding="UTF-8"?>
<!-- Generated by org.testng.reporters.JUnitReportReporter -->
<testsuite hostname="LAPTOP-5O1Q3PKG" failures="0" tests="1" name="com.TestNG.test.FirstTest" time="15.742" errors="0" timestamp="15 Oct 2022 06:33:44 GMT">
  <testcase classname="com.TestNG.test.FirstTest" name="TestGoogle" time="15.742"/>
</testsuite> <!-- com.TestNG.test.FirstTest -->
